<?xml version="1.0" encoding="UTF-8"?>
<testng-results ignored="0" total="1" passed="1" failed="0" skipped="0">
  <reporter-output>
  </reporter-output>
  <suite started-at="2023-04-19T14:42:47 IST" name="Default suite" finished-at="2023-04-19T14:42:47 IST" duration-ms="103">
    <groups>
    </groups>
    <test started-at="2023-04-19T14:42:47 IST" name="Default test" finished-at="2023-04-19T14:42:47 IST" duration-ms="103">
      <class name="com.basic.AllAnnotation">
        <test-method is-config="true" signature="BeforeTest()[pri:0, instance:com.basic.AllAnnotation@1a942c18]" started-at="2023-04-19T14:42:47 IST" name="BeforeTest" finished-at="2023-04-19T14:42:47 IST" duration-ms="18" status="PASS">
          <reporter-output>
          </reporter-output>
        </test-method> <!-- BeforeTest -->
        <test-method is-config="true" signature="beforeClass()[pri:0, instance:com.basic.AllAnnotation@1a942c18]" started-at="2023-04-19T14:42:47 IST" name="beforeClass" finished-at="2023-04-19T14:42:47 IST" duration-ms="0" status="PASS">
          <reporter-output>
          </reporter-output>
        </test-method> <!-- beforeClass -->
        <test-method is-config="true" signature="beforeMethod()[pri:0, instance:com.basic.AllAnnotation@1a942c18]" started-at="2023-04-19T14:42:47 IST" name="beforeMethod" finished-at="2023-04-19T14:42:47 IST" duration-ms="0" status="PASS">
          <reporter-output>
          </reporter-output>
        </test-method> <!-- beforeMethod -->
        <test-method signature="Test()[pri:0, instance:com.basic.AllAnnotation@1a942c18]" started-at="2023-04-19T14:42:47 IST" name="Test" finished-at="2023-04-19T14:42:47 IST" duration-ms="11" status="PASS">
          <reporter-output>
          </reporter-output>
        </test-method> <!-- Test -->
        <test-method is-config="true" signature="afterMethod()[pri:0, instance:com.basic.AllAnnotation@1a942c18]" started-at="2023-04-19T14:42:47 IST" name="afterMethod" finished-at="2023-04-19T14:42:47 IST" duration-ms="1" status="PASS">
          <reporter-output>
          </reporter-output>
        </test-method> <!-- afterMethod -->
        <test-method is-config="true" signature="afterClass()[pri:0, instance:com.basic.AllAnnotation@1a942c18]" started-at="2023-04-19T14:42:47 IST" name="afterClass" finished-at="2023-04-19T14:42:47 IST" duration-ms="0" status="PASS">
          <reporter-output>
          </reporter-output>
        </test-method> <!-- afterClass -->
        <test-method is-config="true" signature="afterTest()[pri:0, instance:com.basic.AllAnnotation@1a942c18]" started-at="2023-04-19T14:42:47 IST" name="afterTest" finished-at="2023-04-19T14:42:47 IST" duration-ms="1" status="PASS">
          <reporter-output>
          </reporter-output>
        </test-method> <!-- afterTest -->
      </class> <!-- com.basic.AllAnnotation -->
    </test> <!-- Default test -->
  </suite> <!-- Default suite -->
</testng-results>
